  fails_list.cpp
d:\code\vs\homework\hw4_1\fails_list.h(6): error C2065: “Student”: 未声明的标识符
d:\code\vs\homework\hw4_1\fails_list.h(6): error C2923: “std::list”: 对于参数“_Ty”，“Student”不是有效的 模板 类型变量
d:\code\vs\homework\hw4_1\fails_list.h(6): error C2903: “allocator”: 符号既不是类 模板 也不是函数 模板
d:\code\vs\homework\hw4_1\fails_list.h(6): error C3203: “allocator”: 未专用化的 类 模板 不能用作 模板 变量，该变量属于 模板 参数“_Alloc”，应为 real 类型
d:\code\vs\homework\hw4_1\fails_list.cpp(8): error C2248: “Student_info::final”: 无法访问 private 成员(在“Student_info”类中声明)
  d:\code\vs\homework\hw4_1\student_info.h(18): note: 参见“Student_info::final”的声明
  d:\code\vs\homework\hw4_1\student_info.h(8): note: 参见“Student_info”的声明
  main.cpp
d:\code\vs\homework\hw4_1\main.cpp(9): fatal error C1083: 无法打开包括文件: “grade.h”: No such file or directory
  median.cpp
  Student_info.cpp
d:\code\vs\homework\hw4_1\student_info.cpp(41): error C3867: “Student_info::name”: 非标准语法；请使用 "&" 来创建指向成员的指针
d:\code\vs\homework\hw4_1\student_info.cpp(53): error C2084: 函数“bool compare(const Student_info &,const Student_info &)”已有主体
  d:\code\vs\homework\hw4_1\student_info.cpp(19): note: 参见“compare”的前一个定义
d:\code\vs\homework\hw4_1\student_info.cpp(54): error C3867: “Student_info::name”: 非标准语法；请使用 "&" 来创建指向成员的指针
d:\code\vs\homework\hw4_1\student_info.cpp(54): error C2296: “<=”: 非法，左操作数包含“std::string (__cdecl Student_info::* )(void) const”类型
d:\code\vs\homework\hw4_1\student_info.cpp(54): error C2297: “<=”: 非法，右操作数包含“std::string (__cdecl Student_info::* )(void) const”类型
d:\code\vs\homework\hw4_1\student_info.cpp(67): error C3867: “Student_info::name”: 非标准语法；请使用 "&" 来创建指向成员的指针
  正在生成代码...
